<?xml version="1.0" encoding="UTF-8"?>
<!-- Generated by org.testng.reporters.JUnitReportReporter -->
<testsuite hostname="SkyFallPc" failures="0" tests="1" name="com.EbankTestcases.TC1_LoginTest" time="1.716" errors="0" timestamp="2023-08-10T18:53:49 IST" skipped="0">
  <testcase classname="com.EbankTestcases.TC1_LoginTest" name="LoginTest" time="1.716"/>
  <system-out/>
</testsuite> <!-- com.EbankTestcases.TC1_LoginTest -->
